{"/home/astrid/REG003-chat-app/src/controller/user.ts": {"path":"/home/astrid/REG003-chat-app/src/controller/user.ts","statementMap":{"0":{"start":{"line":2,"column":0},"end":{"line":2,"column":53}},"1":{"start":{"line":3,"column":0},"end":{"line":3,"column":34}},"2":{"start":{"line":4,"column":0},"end":{"line":4,"column":30}},"3":{"start":{"line":8,"column":19},"end":{"line":35,"column":null}},"4":{"start":{"line":8,"column":77},"end":{"line":35,"column":null}},"5":{"start":{"line":10,"column":2},"end":{"line":34,"column":null}},"6":{"start":{"line":11,"column":25},"end":{"line":15,"column":6}},"7":{"start":{"line":17,"column":4},"end":{"line":17,"column":null}},"8":{"start":{"line":17,"column":24},"end":{"line":17,"column":76}},"9":{"start":{"line":19,"column":17},"end":{"line":19,"column":37}},"10":{"start":{"line":20,"column":27},"end":{"line":20,"column":68}},"11":{"start":{"line":22,"column":19},"end":{"line":26,"column":null}},"12":{"start":{"line":28,"column":17},"end":{"line":28,"column":60}},"13":{"start":{"line":30,"column":4},"end":{"line":30,"column":null}},"14":{"start":{"line":33,"column":4},"end":{"line":33,"column":null}},"15":{"start":{"line":113,"column":9},"end":{"line":113,"column":19}},"16":{"start":{"line":37,"column":17},"end":{"line":47,"column":null}},"17":{"start":{"line":37,"column":75},"end":{"line":47,"column":null}},"18":{"start":{"line":38,"column":2},"end":{"line":45,"column":null}},"19":{"start":{"line":40,"column":21},"end":{"line":40,"column":49}},"20":{"start":{"line":41,"column":4},"end":{"line":41,"column":null}},"21":{"start":{"line":44,"column":4},"end":{"line":44,"column":null}},"22":{"start":{"line":113,"column":21},"end":{"line":113,"column":29}},"23":{"start":{"line":49,"column":16},"end":{"line":79,"column":null}},"24":{"start":{"line":49,"column":74},"end":{"line":79,"column":null}},"25":{"start":{"line":50,"column":2},"end":{"line":50,"column":null}},"26":{"start":{"line":51,"column":2},"end":{"line":78,"column":null}},"27":{"start":{"line":54,"column":23},"end":{"line":58,"column":6}},"28":{"start":{"line":60,"column":4},"end":{"line":62,"column":null}},"29":{"start":{"line":61,"column":7},"end":{"line":61,"column":null}},"30":{"start":{"line":75,"column":4},"end":{"line":75,"column":null}},"31":{"start":{"line":77,"column":4},"end":{"line":77,"column":null}},"32":{"start":{"line":113,"column":31},"end":{"line":113,"column":38}},"33":{"start":{"line":81,"column":19},"end":{"line":97,"column":null}},"34":{"start":{"line":81,"column":77},"end":{"line":97,"column":null}},"35":{"start":{"line":82,"column":2},"end":{"line":96,"column":null}},"36":{"start":{"line":83,"column":24},"end":{"line":92,"column":6}},"37":{"start":{"line":93,"column":4},"end":{"line":93,"column":null}},"38":{"start":{"line":95,"column":4},"end":{"line":95,"column":null}},"39":{"start":{"line":113,"column":40},"end":{"line":113,"column":50}},"40":{"start":{"line":99,"column":19},"end":{"line":111,"column":null}},"41":{"start":{"line":99,"column":77},"end":{"line":111,"column":null}},"42":{"start":{"line":100,"column":2},"end":{"line":110,"column":null}},"43":{"start":{"line":102,"column":23},"end":{"line":106,"column":6}},"44":{"start":{"line":107,"column":4},"end":{"line":107,"column":null}},"45":{"start":{"line":109,"column":4},"end":{"line":109,"column":null}},"46":{"start":{"line":113,"column":52},"end":{"line":113,"column":62}}},"fnMap":{"0":{"name":"(anonymous_8)","decl":{"start":{"line":8,"column":19},"end":{"line":8,"column":26}},"loc":{"start":{"line":8,"column":77},"end":{"line":35,"column":null}}},"1":{"name":"(anonymous_9)","decl":{"start":{"line":8,"column":77},"end":{"line":8,"column":null}},"loc":{"start":{"line":8,"column":77},"end":{"line":35,"column":1}}},"2":{"name":"(anonymous_10)","decl":{"start":{"line":37,"column":17},"end":{"line":37,"column":24}},"loc":{"start":{"line":37,"column":75},"end":{"line":47,"column":null}}},"3":{"name":"(anonymous_11)","decl":{"start":{"line":37,"column":75},"end":{"line":37,"column":null}},"loc":{"start":{"line":37,"column":75},"end":{"line":47,"column":1}}},"4":{"name":"(anonymous_12)","decl":{"start":{"line":49,"column":16},"end":{"line":49,"column":23}},"loc":{"start":{"line":49,"column":74},"end":{"line":79,"column":null}}},"5":{"name":"(anonymous_13)","decl":{"start":{"line":49,"column":74},"end":{"line":49,"column":null}},"loc":{"start":{"line":49,"column":74},"end":{"line":79,"column":1}}},"6":{"name":"(anonymous_14)","decl":{"start":{"line":81,"column":19},"end":{"line":81,"column":26}},"loc":{"start":{"line":81,"column":77},"end":{"line":97,"column":null}}},"7":{"name":"(anonymous_15)","decl":{"start":{"line":81,"column":77},"end":{"line":81,"column":null}},"loc":{"start":{"line":81,"column":77},"end":{"line":97,"column":1}}},"8":{"name":"(anonymous_16)","decl":{"start":{"line":99,"column":19},"end":{"line":99,"column":26}},"loc":{"start":{"line":99,"column":77},"end":{"line":111,"column":null}}},"9":{"name":"(anonymous_17)","decl":{"start":{"line":99,"column":77},"end":{"line":99,"column":null}},"loc":{"start":{"line":99,"column":77},"end":{"line":111,"column":1}}}},"branchMap":{"0":{"loc":{"start":{"line":17,"column":4},"end":{"line":17,"column":null}},"type":"if","locations":[{"start":{"line":17,"column":4},"end":{"line":17,"column":null}},{"start":{"line":17,"column":4},"end":{"line":17,"column":null}}]},"1":{"loc":{"start":{"line":60,"column":4},"end":{"line":62,"column":null}},"type":"if","locations":[{"start":{"line":60,"column":4},"end":{"line":62,"column":null}},{"start":{"line":60,"column":4},"end":{"line":62,"column":null}}]}},"s":{"0":1,"1":1,"2":1,"3":1,"4":1,"5":1,"6":1,"7":1,"8":0,"9":1,"10":1,"11":0,"12":0,"13":0,"14":1,"15":1,"16":1,"17":0,"18":0,"19":0,"20":0,"21":0,"22":1,"23":1,"24":0,"25":0,"26":0,"27":0,"28":0,"29":0,"30":0,"31":0,"32":1,"33":1,"34":0,"35":0,"36":0,"37":0,"38":0,"39":1,"40":1,"41":0,"42":0,"43":0,"44":0,"45":0,"46":1},"f":{"0":1,"1":1,"2":0,"3":0,"4":0,"5":0,"6":0,"7":0,"8":0,"9":0},"b":{"0":[0,1],"1":[0,0]}}
,"/home/astrid/REG003-chat-app/src/helpers/httpException.ts": {"path":"/home/astrid/REG003-chat-app/src/helpers/httpException.ts","statementMap":{"0":{"start":{"line":5,"column":6},"end":{"line":5,"column":21}},"1":{"start":{"line":6,"column":6},"end":{"line":6,"column":27}},"2":{"start":{"line":7,"column":6},"end":{"line":7,"column":29}},"3":{"start":{"line":11,"column":2},"end":{"line":11,"column":31}}},"fnMap":{"0":{"name":"(anonymous_0)","decl":{"start":{"line":4,"column":4},"end":{"line":4,"column":16}},"loc":{"start":{"line":4,"column":47},"end":{"line":8,"column":5}}}},"branchMap":{},"s":{"0":1,"1":1,"2":1,"3":1},"f":{"0":1},"b":{}}
}
