TN:
SF:src/controller/user.ts
FN:8,(anonymous_8)
FN:8,(anonymous_9)
FN:37,(anonymous_10)
FN:37,(anonymous_11)
FN:49,(anonymous_12)
FN:49,(anonymous_13)
FN:81,(anonymous_14)
FN:81,(anonymous_15)
FN:99,(anonymous_16)
FN:99,(anonymous_17)
FNF:10
FNH:8
FNDA:5,(anonymous_8)
FNDA:5,(anonymous_9)
FNDA:1,(anonymous_10)
FNDA:1,(anonymous_11)
FNDA:2,(anonymous_12)
FNDA:2,(anonymous_13)
FNDA:0,(anonymous_14)
FNDA:0,(anonymous_15)
FNDA:2,(anonymous_16)
FNDA:2,(anonymous_17)
DA:2,1
DA:3,1
DA:4,1
DA:8,5
DA:10,5
DA:11,5
DA:17,5
DA:19,5
DA:20,5
DA:22,5
DA:28,5
DA:30,5
DA:33,1
DA:37,1
DA:38,1
DA:40,1
DA:41,1
DA:44,0
DA:49,2
DA:50,2
DA:53,2
DA:58,2
DA:60,2
DA:61,1
DA:75,1
DA:77,1
DA:81,1
DA:82,0
DA:83,0
DA:93,0
DA:95,0
DA:99,2
DA:100,2
DA:102,2
DA:107,2
DA:109,0
DA:113,1
LF:37
LH:31
BRDA:17,0,0,0
BRDA:17,0,1,5
BRDA:60,1,0,1
BRDA:60,1,1,1
BRF:4
BRH:3
end_of_record
TN:
SF:src/helpers/httpException.ts
FN:4,(anonymous_0)
FNF:1
FNH:1
FNDA:2,(anonymous_0)
DA:5,2
DA:6,2
DA:7,2
DA:11,1
LF:4
LH:4
BRF:0
BRH:0
end_of_record
