TN:
SF:src/controller/user.ts
FN:8,(anonymous_8)
FN:8,(anonymous_9)
FN:37,(anonymous_10)
FN:37,(anonymous_11)
FN:49,(anonymous_12)
FN:49,(anonymous_13)
FN:81,(anonymous_14)
FN:81,(anonymous_15)
FN:99,(anonymous_16)
FN:99,(anonymous_17)
FNF:10
FNH:4
FNDA:3,(anonymous_8)
FNDA:3,(anonymous_9)
FNDA:1,(anonymous_10)
FNDA:1,(anonymous_11)
FNDA:0,(anonymous_12)
FNDA:0,(anonymous_13)
FNDA:0,(anonymous_14)
FNDA:0,(anonymous_15)
FNDA:0,(anonymous_16)
FNDA:0,(anonymous_17)
DA:2,1
DA:3,1
DA:4,1
DA:8,3
DA:10,3
DA:11,3
DA:17,3
DA:19,3
DA:20,3
DA:22,3
DA:28,3
DA:30,3
DA:33,1
DA:37,1
DA:38,1
DA:40,1
DA:41,1
DA:44,0
DA:49,1
DA:50,0
DA:51,0
DA:54,0
DA:60,0
DA:61,0
DA:75,0
DA:77,0
DA:81,1
DA:82,0
DA:83,0
DA:93,0
DA:95,0
DA:99,1
DA:100,0
DA:102,0
DA:107,0
DA:109,0
DA:113,1
LF:37
LH:21
BRDA:17,0,0,0
BRDA:17,0,1,3
BRDA:60,1,0,0
BRDA:60,1,1,0
BRF:4
BRH:1
end_of_record
TN:
SF:src/helpers/httpException.ts
FN:4,(anonymous_0)
FNF:1
FNH:1
FNDA:1,(anonymous_0)
DA:5,1
DA:6,1
DA:7,1
DA:11,1
LF:4
LH:4
BRF:0
BRH:0
end_of_record
